<?xml version='1.0' encoding='UTF-8'?>
<testsuite hostname="DESKTOP-I8TE7DD" name="PipedRVSpec" tests="27" errors="0" failures="0" skipped="0" time="21.442" timestamp="2023-12-04T02:16:05">
                     <properties>
      <property name="java.specification.version" value="16"/><property name="sun.cpu.isalist" value="amd64"/><property name="sun.jnu.encoding" value="Cp1252"/><property name="sun.arch.data.model" value="64"/><property name="java.vendor.url" value="https://java.oracle.com/"/><property name="sun.boot.library.path" value="C:\Program Files\Java\jdk-16.0.1\bin"/><property name="sun.java.command" value="xsbt.boot.Boot test"/><property name="jdk.debug" value="release"/><property name="sun.stderr.encoding" value="cp850"/><property name="java.specification.vendor" value="Oracle Corporation"/><property name="java.version.date" value="2021-04-20"/><property name="java.home" value="C:\Program Files\Java\jdk-16.0.1"/><property name="file.separator" value="\"/><property name="java.vm.compressedOopsMode" value="32-bit"/><property name="line.separator" value="
"/><property name="sun.stdout.encoding" value="cp850"/><property name="java.vm.specification.vendor" value="Oracle Corporation"/><property name="java.specification.name" value="Java Platform API Specification"/><property name="user.script" value=""/><property name="sun.management.compiler" value="HotSpot 64-Bit Tiered Compilers"/><property name="java.runtime.version" value="16.0.1+9-24"/><property name="user.name" value="farfar"/><property name="log4j.ignoreTCL" value="true"/><property name="file.encoding" value="UTF-8"/><property name="jnidispatch.path" value="C:\Users\farfar\AppData\Local\Temp\jna--1281715040\jna9749785321289685816.dll"/><property name="jna.loaded" value="true"/><property name="java.io.tmpdir" value="C:\Users\farfar\AppData\Local\Temp\"/><property name="java.version" value="16.0.1"/><property name="java.vm.specification.name" value="Java Virtual Machine Specification"/><property name="sun.os.patch.level" value=""/><property name="java.library.path" value="C:\Program Files\Java\jdk-16.0.1\bin;C:\WINDOWS\Sun\Java\bin;C:\WINDOWS\system32;C:\WINDOWS;C:\Program Files\Common Files\Oracle\Java\javapath;C:\Program Files (x86)\Common Files\Intel\Shared Libraries\redist\intel64\compiler;C:\Program Files (x86)\Common Files\Intel\Shared Libraries\redist\ia32\compiler;C:\Program Files (x86)\Razer Chroma SDK\bin;C:\Program Files\Razer Chroma SDK\bin;C:\Program Files (x86)\Razer\ChromaBroadcast\bin;C:\Program Files\Razer\ChromaBroadcast\bin;C:\WINDOWS\system32;C:\WINDOWS;C:\WINDOWS\System32\Wbem;C:\WINDOWS\System32\WindowsPowerShell\v1.0\;C:\Program Files (x86)\NVIDIA Corporation\PhysX\Common;C:\WINDOWS\system32;C:\WINDOWS;C:\WINDOWS\System32\Wbem;C:\WINDOWS\System32\WindowsPowerShell\v1.0\;C:\WINDOWS\System32\OpenSSH\;C:\WINDOWS\system32\config\systemprofile\AppData\Local\Microsoft\WindowsApps;C:\mingw64\bin;C:\Program Files (x86)\sbt\bin;C:\Program Files\MATLAB\R2023a\bin;C:\Program Files\dotnet\;C:\Program Files (x86)\Pico Technology\PicoScope6\;C:\Program Files\Microsoft SQL Server\Client SDK\ODBC\170\Tools\Binn\;C:\Program Files (x86)\Microsoft SQL Server\150\Tools\Binn\;C:\Program Files\Microsoft SQL Server\150\Tools\Binn\;C:\Program Files\Microsoft SQL Server\150\DTS\Binn\;C:\Program Files (x86)\Windows Kits\8.1\Windows Performance Toolkit\;C:\ProgramData\chocolatey\bin;C:\Program Files\Git\cmd;C:\Users\farfar\AppData\Local\Microsoft\WindowsApps;C:\Users\farfar\AppData\Local\Programs\Microsoft VS Code\bin;C:\Users\farfar\AppData\Local\Programs\MiKTeX\miktex\bin\x64\;C:\Users\farfar\AppData\Local\Programs\Julia-1.9.4\bin;."/><property name="java.vendor" value="Oracle Corporation"/><property name="scala.ext.dirs" value="C:\Users\farfar\.sbt\1.0\java9-rt-ext-oracle_corporation_16_0_1"/><property name="sun.io.unicode.encoding" value="UnicodeLittle"/><property name="java.class.path" value="C:\Program Files (x86)\sbt\\bin\sbt-launch.jar"/><property name="java.vm.vendor" value="Oracle Corporation"/><property name="user.variant" value=""/><property name="jline.shutdownhook" value="false"/><property name="user.timezone" value="Europe/Copenhagen"/><property name="java.vm.specification.version" value="16"/><property name="os.name" value="Windows 10"/><property name="sun.java.launcher" value="SUN_STANDARD"/><property name="user.country" value="US"/><property name="sun.cpu.endian" value="little"/><property name="user.home" value="C:\Users\farfar"/><property name="user.language" value="en"/><property name="swoval.tmpdir" value="C:\Users\farfar\.sbt\1.0"/><property name="jline.esc.timeout" value="0"/><property name="path.separator" value=";"/><property name="os.version" value="10.0"/><property name="jna.nosys" value="true"/><property name="java.runtime.name" value="Java(TM) SE Runtime Environment"/><property name="java.vm.name" value="Java HotSpot(TM) 64-Bit Server VM"/><property name="java.vendor.url.bug" value="https://bugreport.java.com/bugreport/"/><property name="user.dir" value="C:\Users\farfar\Documents\Git\RV32I"/><property name="os.arch" value="amd64"/><property name="java.vm.info" value="mixed mode, sharing"/><property name="java.vm.version" value="16.0.1+9-24"/><property name="java.class.version" value="60.0"/>
    </properties>
                     <testcase classname="PipedRVSpec" name="PipedRV addlarge should pass" time="3.796">
                                                 
                                               </testcase><testcase classname="PipedRVSpec" name="PipedRV addneg should pass" time="0.976">
                                                 
                                               </testcase><testcase classname="PipedRVSpec" name="PipedRV addpos should pass" time="0.969">
                                                 
                                               </testcase><testcase classname="PipedRVSpec" name="PipedRV bool should pass" time="0.859">
                                                 
                                               </testcase><testcase classname="PipedRVSpec" name="PipedRV set should pass" time="0.812">
                                                 
                                               </testcase><testcase classname="PipedRVSpec" name="PipedRV shift should pass" time="0.672">
                                                 
                                               </testcase><testcase classname="PipedRVSpec" name="PipedRV shift2 should pass" time="0.664">
                                                 
                                               </testcase><testcase classname="PipedRVSpec" name="PipedRV branchcnt should pass" time="0.656">
                                                 
                                               </testcase><testcase classname="PipedRVSpec" name="PipedRV branchmany should pass" time="0.599">
                                                 
                                               </testcase><testcase classname="PipedRVSpec" name="PipedRV branchtrap should pass" time="0.545">
                                                 
                                               </testcase><testcase classname="PipedRVSpec" name="PipedRV loop should pass" time="0.974">
                                                 
                                               </testcase><testcase classname="PipedRVSpec" name="PipedRV recursive should pass" time="0.937">
                                                 
                                               </testcase><testcase classname="PipedRVSpec" name="PipedRV width should pass" time="0.586">
                                                 
                                               </testcase><testcase classname="PipedRVSpec" name="PipedRV t1 should pass" time="0.563">
                                                 
                                               </testcase><testcase classname="PipedRVSpec" name="PipedRV t2 should pass" time="0.557">
                                                 
                                               </testcase><testcase classname="PipedRVSpec" name="PipedRV t3 should pass" time="0.634">
                                                 
                                               </testcase><testcase classname="PipedRVSpec" name="PipedRV t4 should pass" time="0.57">
                                                 
                                               </testcase><testcase classname="PipedRVSpec" name="PipedRV t5 should pass" time="0.553">
                                                 
                                               </testcase><testcase classname="PipedRVSpec" name="PipedRV t6 should pass" time="0.505">
                                                 
                                               </testcase><testcase classname="PipedRVSpec" name="PipedRV t7 should pass" time="0.529">
                                                 
                                               </testcase><testcase classname="PipedRVSpec" name="PipedRV t8 should pass" time="0.55">
                                                 
                                               </testcase><testcase classname="PipedRVSpec" name="PipedRV t9 should pass" time="0.577">
                                                 
                                               </testcase><testcase classname="PipedRVSpec" name="PipedRV t10 should pass" time="0.586">
                                                 
                                               </testcase><testcase classname="PipedRVSpec" name="PipedRV t11 should pass" time="0.54">
                                                 
                                               </testcase><testcase classname="PipedRVSpec" name="PipedRV t12 should pass" time="0.952">
                                                 
                                               </testcase><testcase classname="PipedRVSpec" name="PipedRV t13 should pass" time="0.794">
                                                 
                                               </testcase><testcase classname="PipedRVSpec" name="PipedRV t15 should pass" time="0.487">
                                                 
                                               </testcase>
                     <system-out><![CDATA[]]></system-out>
                     <system-err><![CDATA[]]></system-err>
                   </testsuite>